<?xml version="1.0" encoding="UTF-8"?>
<!-- Generated by org.testng.reporters.JUnitXMLReporter -->
<testsuite hostname="LAPTOP-MKCCBE6B" ignored="0" name="RegressionTest" tests="5" failures="0" timestamp="14 Jul 2020 14:49:10 GMT" time="44.308" errors="0">
  <testcase name="clickPractice" time="10.612" classname="com.flightReservation.baseClass.LetsKodeItPractice"/>
  <testcase name="selectRadio" time="1.908" classname="com.flightReservation.baseClass.LetsKodeItPractice"/>
  <testcase name="selectCheckBx" time="0.968" classname="com.flightReservation.baseClass.LetsKodeItPractice"/>
  <testcase name="dropDown" time="0.422" classname="com.flightReservation.baseClass.LetsKodeItPractice"/>
  <testcase name="hideshow" time="20.963" classname="com.flightReservation.baseClass.LetsKodeItPractice"/>
</testsuite> <!-- RegressionTest -->
