<?xml version="1.0" encoding="UTF-8"?>
<testng-results skipped="0" failed="0" ignored="0" total="4" passed="4">
  <reporter-output>
  </reporter-output>
  <suite name="search-module" duration-ms="39102" started-at="2022-01-23T06:14:00Z" finished-at="2022-01-23T06:14:39Z">
    <groups>
    </groups>
    <test name="search-test-kubernetes" duration-ms="8236" started-at="2022-01-23T06:14:00Z" finished-at="2022-01-23T06:14:08Z">
      <class name="com.flightReservation.baseClass.CoursesSearch">
        <test-method status="PASS" signature="beforeClass()[pri:0, instance:com.flightReservation.baseClass.CoursesSearch@f6c48ac]" name="beforeClass" is-config="true" duration-ms="2356" started-at="2022-01-23T06:14:00Z" finished-at="2022-01-23T06:14:02Z">
          <reporter-output>
          </reporter-output>
        </test-method> <!-- beforeClass -->
        <test-method status="PASS" signature="search(java.lang.String)[pri:0, instance:com.flightReservation.baseClass.CoursesSearch@f6c48ac]" name="search" duration-ms="5712" started-at="2022-01-23T06:14:02Z" finished-at="2022-01-23T06:14:08Z">
          <params>
            <param index="0">
              <value>
                <![CDATA[kubernetes]]>
              </value>
            </param>
          </params>
          <reporter-output>
          </reporter-output>
        </test-method> <!-- search -->
        <test-method status="PASS" signature="afterMethod()[pri:0, instance:com.flightReservation.baseClass.CoursesSearch@f6c48ac]" name="afterMethod" is-config="true" duration-ms="128" started-at="2022-01-23T06:14:08Z" finished-at="2022-01-23T06:14:08Z">
          <reporter-output>
          </reporter-output>
        </test-method> <!-- afterMethod -->
      </class> <!-- com.flightReservation.baseClass.CoursesSearch -->
    </test> <!-- search-test-kubernetes -->
    <test name="search-test-webdriver" duration-ms="12294" started-at="2022-01-23T06:14:00Z" finished-at="2022-01-23T06:14:12Z">
      <class name="com.flightReservation.baseClass.CoursesSearch">
        <test-method status="PASS" signature="beforeClass()[pri:0, instance:com.flightReservation.baseClass.CoursesSearch@343f4d3d]" name="beforeClass" is-config="true" duration-ms="8987" started-at="2022-01-23T06:14:00Z" finished-at="2022-01-23T06:14:09Z">
          <reporter-output>
          </reporter-output>
        </test-method> <!-- beforeClass -->
        <test-method status="PASS" signature="search(java.lang.String)[pri:0, instance:com.flightReservation.baseClass.CoursesSearch@343f4d3d]" name="search" duration-ms="3161" started-at="2022-01-23T06:14:09Z" finished-at="2022-01-23T06:14:12Z">
          <params>
            <param index="0">
              <value>
                <![CDATA[webdriver]]>
              </value>
            </param>
          </params>
          <reporter-output>
          </reporter-output>
        </test-method> <!-- search -->
        <test-method status="PASS" signature="afterMethod()[pri:0, instance:com.flightReservation.baseClass.CoursesSearch@343f4d3d]" name="afterMethod" is-config="true" duration-ms="126" started-at="2022-01-23T06:14:12Z" finished-at="2022-01-23T06:14:12Z">
          <reporter-output>
          </reporter-output>
        </test-method> <!-- afterMethod -->
      </class> <!-- com.flightReservation.baseClass.CoursesSearch -->
    </test> <!-- search-test-webdriver -->
    <test name="search-test-docker" duration-ms="16351" started-at="2022-01-23T06:14:00Z" finished-at="2022-01-23T06:14:16Z">
      <class name="com.flightReservation.baseClass.CoursesSearch">
        <test-method status="PASS" signature="beforeClass()[pri:0, instance:com.flightReservation.baseClass.CoursesSearch@204f30ec]" name="beforeClass" is-config="true" duration-ms="13024" started-at="2022-01-23T06:14:00Z" finished-at="2022-01-23T06:14:13Z">
          <reporter-output>
          </reporter-output>
        </test-method> <!-- beforeClass -->
        <test-method status="PASS" signature="search(java.lang.String)[pri:0, instance:com.flightReservation.baseClass.CoursesSearch@204f30ec]" name="search" duration-ms="3179" started-at="2022-01-23T06:14:13Z" finished-at="2022-01-23T06:14:16Z">
          <params>
            <param index="0">
              <value>
                <![CDATA[docker]]>
              </value>
            </param>
          </params>
          <reporter-output>
          </reporter-output>
        </test-method> <!-- search -->
        <test-method status="PASS" signature="afterMethod()[pri:0, instance:com.flightReservation.baseClass.CoursesSearch@204f30ec]" name="afterMethod" is-config="true" duration-ms="126" started-at="2022-01-23T06:14:16Z" finished-at="2022-01-23T06:14:16Z">
          <reporter-output>
          </reporter-output>
        </test-method> <!-- afterMethod -->
      </class> <!-- com.flightReservation.baseClass.CoursesSearch -->
    </test> <!-- search-test-docker -->
    <test name="search-test-java" duration-ms="39102" started-at="2022-01-23T06:14:00Z" finished-at="2022-01-23T06:14:39Z">
      <class name="com.flightReservation.baseClass.CoursesSearch">
        <test-method status="PASS" signature="beforeClass()[pri:0, instance:com.flightReservation.baseClass.CoursesSearch@d8355a8]" name="beforeClass" is-config="true" duration-ms="16981" started-at="2022-01-23T06:14:00Z" finished-at="2022-01-23T06:14:17Z">
          <reporter-output>
          </reporter-output>
        </test-method> <!-- beforeClass -->
        <test-method status="PASS" signature="search(java.lang.String)[pri:0, instance:com.flightReservation.baseClass.CoursesSearch@d8355a8]" name="search" duration-ms="21974" started-at="2022-01-23T06:14:17Z" finished-at="2022-01-23T06:14:39Z">
          <params>
            <param index="0">
              <value>
                <![CDATA[java]]>
              </value>
            </param>
          </params>
          <reporter-output>
          </reporter-output>
        </test-method> <!-- search -->
        <test-method status="PASS" signature="afterMethod()[pri:0, instance:com.flightReservation.baseClass.CoursesSearch@d8355a8]" name="afterMethod" is-config="true" duration-ms="128" started-at="2022-01-23T06:14:39Z" finished-at="2022-01-23T06:14:39Z">
          <reporter-output>
          </reporter-output>
        </test-method> <!-- afterMethod -->
      </class> <!-- com.flightReservation.baseClass.CoursesSearch -->
    </test> <!-- search-test-java -->
  </suite> <!-- search-module -->
</testng-results>
